<?xml version="1.0" encoding="UTF-8"?>
<testsuite xmlns:xsi="http://www.w3.org/2001/XMLSchema-instance" xsi:noNamespaceSchemaLocation="https://maven.apache.org/surefire/maven-failsafe-plugin/xsd/failsafe-test-report.xsd" name="com.fedex.ZDServer.cucumber.CucumberIT" time="23.96" tests="72" errors="0" skipped="0" failures="0">
  <properties>
    <property name="sun.desktop" value="windows"/>
    <property name="awt.toolkit" value="sun.awt.windows.WToolkit"/>
    <property name="file.encoding.pkg" value="sun.io"/>
    <property name="java.specification.version" value="1.8"/>
    <property name="sun.cpu.isalist" value="amd64"/>
    <property name="sun.jnu.encoding" value="Cp1252"/>
    <property name="java.class.path" value="C:\Users\singaram.ram\git\ziptodest\ZipToDest-UI\ZD-Server\target\test-classes;C:\Users\singaram.ram\git\ziptodest\ZipToDest-UI\ZD-Server\target\classes;C:\Users\singaram.ram\.m2\repository\org\springframework\boot\spring-boot-starter-web\2.2.2.RELEASE\spring-boot-starter-web-2.2.2.RELEASE.jar;C:\Users\singaram.ram\.m2\repository\org\springframework\boot\spring-boot-starter\2.2.2.RELEASE\spring-boot-starter-2.2.2.RELEASE.jar;C:\Users\singaram.ram\.m2\repository\jakarta\annotation\jakarta.annotation-api\1.3.5\jakarta.annotation-api-1.3.5.jar;C:\Users\singaram.ram\.m2\repository\org\yaml\snakeyaml\1.25\snakeyaml-1.25.jar;C:\Users\singaram.ram\.m2\repository\org\springframework\boot\spring-boot-starter-json\2.2.2.RELEASE\spring-boot-starter-json-2.2.2.RELEASE.jar;C:\Users\singaram.ram\.m2\repository\com\fasterxml\jackson\datatype\jackson-datatype-jdk8\2.10.1\jackson-datatype-jdk8-2.10.1.jar;C:\Users\singaram.ram\.m2\repository\com\fasterxml\jackson\module\jackson-module-parameter-names\2.10.1\jackson-module-parameter-names-2.10.1.jar;C:\Users\singaram.ram\.m2\repository\org\springframework\boot\spring-boot-starter-tomcat\2.2.2.RELEASE\spring-boot-starter-tomcat-2.2.2.RELEASE.jar;C:\Users\singaram.ram\.m2\repository\org\apache\tomcat\embed\tomcat-embed-core\9.0.29\tomcat-embed-core-9.0.29.jar;C:\Users\singaram.ram\.m2\repository\org\apache\tomcat\embed\tomcat-embed-el\9.0.29\tomcat-embed-el-9.0.29.jar;C:\Users\singaram.ram\.m2\repository\org\apache\tomcat\embed\tomcat-embed-websocket\9.0.29\tomcat-embed-websocket-9.0.29.jar;C:\Users\singaram.ram\.m2\repository\org\springframework\boot\spring-boot-starter-validation\2.2.2.RELEASE\spring-boot-starter-validation-2.2.2.RELEASE.jar;C:\Users\singaram.ram\.m2\repository\jakarta\validation\jakarta.validation-api\2.0.1\jakarta.validation-api-2.0.1.jar;C:\Users\singaram.ram\.m2\repository\org\hibernate\validator\hibernate-validator\6.0.18.Final\hibernate-validator-6.0.18.Final.jar;C:\Users\singaram.ram\.m2\repository\org\jboss\logging\jboss-logging\3.4.1.Final\jboss-logging-3.4.1.Final.jar;C:\Users\singaram.ram\.m2\repository\org\springframework\spring-web\5.2.2.RELEASE\spring-web-5.2.2.RELEASE.jar;C:\Users\singaram.ram\.m2\repository\org\springframework\spring-beans\5.2.2.RELEASE\spring-beans-5.2.2.RELEASE.jar;C:\Users\singaram.ram\.m2\repository\org\springframework\spring-webmvc\5.2.2.RELEASE\spring-webmvc-5.2.2.RELEASE.jar;C:\Users\singaram.ram\.m2\repository\org\springframework\spring-aop\5.2.2.RELEASE\spring-aop-5.2.2.RELEASE.jar;C:\Users\singaram.ram\.m2\repository\org\springframework\spring-context\5.2.2.RELEASE\spring-context-5.2.2.RELEASE.jar;C:\Users\singaram.ram\.m2\repository\org\springframework\spring-expression\5.2.2.RELEASE\spring-expression-5.2.2.RELEASE.jar;C:\Users\singaram.ram\.m2\repository\org\springframework\boot\spring-boot-starter-data-redis\2.2.2.RELEASE\spring-boot-starter-data-redis-2.2.2.RELEASE.jar;C:\Users\singaram.ram\.m2\repository\org\springframework\data\spring-data-redis\2.2.3.RELEASE\spring-data-redis-2.2.3.RELEASE.jar;C:\Users\singaram.ram\.m2\repository\org\springframework\data\spring-data-keyvalue\2.2.3.RELEASE\spring-data-keyvalue-2.2.3.RELEASE.jar;C:\Users\singaram.ram\.m2\repository\org\springframework\data\spring-data-commons\2.2.3.RELEASE\spring-data-commons-2.2.3.RELEASE.jar;C:\Users\singaram.ram\.m2\repository\org\springframework\spring-tx\5.2.2.RELEASE\spring-tx-5.2.2.RELEASE.jar;C:\Users\singaram.ram\.m2\repository\org\springframework\spring-oxm\5.2.2.RELEASE\spring-oxm-5.2.2.RELEASE.jar;C:\Users\singaram.ram\.m2\repository\org\springframework\spring-context-support\5.2.2.RELEASE\spring-context-support-5.2.2.RELEASE.jar;C:\Users\singaram.ram\.m2\repository\redis\clients\jedis\3.1.0\jedis-3.1.0.jar;C:\Users\singaram.ram\.m2\repository\org\apache\commons\commons-pool2\2.7.0\commons-pool2-2.7.0.jar;C:\Users\singaram.ram\.m2\repository\com\github\kstyrc\embedded-redis\0.6\embedded-redis-0.6.jar;C:\Users\singaram.ram\.m2\repository\com\google\guava\guava\18.0\guava-18.0.jar;C:\Users\singaram.ram\.m2\repository\commons-io\commons-io\2.4\commons-io-2.4.jar;C:\Users\singaram.ram\.m2\repository\com\fedex\ZD-Client\1.0.3\ZD-Client-1.0.3.jar;C:\Users\singaram.ram\.m2\repository\org\springframework\cloud\spring-cloud-config-client\2.1.3.RELEASE\spring-cloud-config-client-2.1.3.RELEASE.jar;C:\Users\singaram.ram\.m2\repository\org\springframework\boot\spring-boot-autoconfigure\2.2.2.RELEASE\spring-boot-autoconfigure-2.2.2.RELEASE.jar;C:\Users\singaram.ram\.m2\repository\org\springframework\cloud\spring-cloud-commons\2.1.2.RELEASE\spring-cloud-commons-2.1.2.RELEASE.jar;C:\Users\singaram.ram\.m2\repository\org\springframework\security\spring-security-crypto\5.2.1.RELEASE\spring-security-crypto-5.2.1.RELEASE.jar;C:\Users\singaram.ram\.m2\repository\org\springframework\cloud\spring-cloud-context\2.1.2.RELEASE\spring-cloud-context-2.1.2.RELEASE.jar;C:\Users\singaram.ram\.m2\repository\com\fasterxml\jackson\core\jackson-annotations\2.10.1\jackson-annotations-2.10.1.jar;C:\Users\singaram.ram\.m2\repository\com\fasterxml\jackson\core\jackson-databind\2.10.1\jackson-databind-2.10.1.jar;C:\Users\singaram.ram\.m2\repository\org\glassfish\javax.json\1.1.4\javax.json-1.1.4.jar;C:\Users\singaram.ram\.m2\repository\org\springframework\boot\spring-boot-starter-actuator\2.2.2.RELEASE\spring-boot-starter-actuator-2.2.2.RELEASE.jar;C:\Users\singaram.ram\.m2\repository\org\springframework\boot\spring-boot-actuator-autoconfigure\2.2.2.RELEASE\spring-boot-actuator-autoconfigure-2.2.2.RELEASE.jar;C:\Users\singaram.ram\.m2\repository\io\micrometer\micrometer-core\1.3.1\micrometer-core-1.3.1.jar;C:\Users\singaram.ram\.m2\repository\org\hdrhistogram\HdrHistogram\2.1.11\HdrHistogram-2.1.11.jar;C:\Users\singaram.ram\.m2\repository\org\latencyutils\LatencyUtils\2.0.3\LatencyUtils-2.0.3.jar;C:\Users\singaram.ram\.m2\repository\org\springframework\boot\spring-boot-starter-test\2.2.2.RELEASE\spring-boot-starter-test-2.2.2.RELEASE.jar;C:\Users\singaram.ram\.m2\repository\org\springframework\boot\spring-boot-test\2.2.2.RELEASE\spring-boot-test-2.2.2.RELEASE.jar;C:\Users\singaram.ram\.m2\repository\org\springframework\boot\spring-boot-test-autoconfigure\2.2.2.RELEASE\spring-boot-test-autoconfigure-2.2.2.RELEASE.jar;C:\Users\singaram.ram\.m2\repository\com\jayway\jsonpath\json-path\2.4.0\json-path-2.4.0.jar;C:\Users\singaram.ram\.m2\repository\net\minidev\json-smart\2.3\json-smart-2.3.jar;C:\Users\singaram.ram\.m2\repository\net\minidev\accessors-smart\1.2\accessors-smart-1.2.jar;C:\Users\singaram.ram\.m2\repository\org\ow2\asm\asm\5.0.4\asm-5.0.4.jar;C:\Users\singaram.ram\.m2\repository\jakarta\xml\bind\jakarta.xml.bind-api\2.3.2\jakarta.xml.bind-api-2.3.2.jar;C:\Users\singaram.ram\.m2\repository\jakarta\activation\jakarta.activation-api\1.2.1\jakarta.activation-api-1.2.1.jar;C:\Users\singaram.ram\.m2\repository\org\junit\jupiter\junit-jupiter\5.5.2\junit-jupiter-5.5.2.jar;C:\Users\singaram.ram\.m2\repository\org\junit\jupiter\junit-jupiter-api\5.5.2\junit-jupiter-api-5.5.2.jar;C:\Users\singaram.ram\.m2\repository\org\opentest4j\opentest4j\1.2.0\opentest4j-1.2.0.jar;C:\Users\singaram.ram\.m2\repository\org\junit\platform\junit-platform-commons\1.5.2\junit-platform-commons-1.5.2.jar;C:\Users\singaram.ram\.m2\repository\org\junit\jupiter\junit-jupiter-params\5.5.2\junit-jupiter-params-5.5.2.jar;C:\Users\singaram.ram\.m2\repository\org\junit\jupiter\junit-jupiter-engine\5.5.2\junit-jupiter-engine-5.5.2.jar;C:\Users\singaram.ram\.m2\repository\org\junit\vintage\junit-vintage-engine\5.5.2\junit-vintage-engine-5.5.2.jar;C:\Users\singaram.ram\.m2\repository\org\apiguardian\apiguardian-api\1.1.0\apiguardian-api-1.1.0.jar;C:\Users\singaram.ram\.m2\repository\org\junit\platform\junit-platform-engine\1.5.2\junit-platform-engine-1.5.2.jar;C:\Users\singaram.ram\.m2\repository\org\mockito\mockito-junit-jupiter\3.1.0\mockito-junit-jupiter-3.1.0.jar;C:\Users\singaram.ram\.m2\repository\org\assertj\assertj-core\3.13.2\assertj-core-3.13.2.jar;C:\Users\singaram.ram\.m2\repository\org\hamcrest\hamcrest\2.1\hamcrest-2.1.jar;C:\Users\singaram.ram\.m2\repository\org\mockito\mockito-core\3.1.0\mockito-core-3.1.0.jar;C:\Users\singaram.ram\.m2\repository\net\bytebuddy\byte-buddy\1.10.4\byte-buddy-1.10.4.jar;C:\Users\singaram.ram\.m2\repository\net\bytebuddy\byte-buddy-agent\1.10.4\byte-buddy-agent-1.10.4.jar;C:\Users\singaram.ram\.m2\repository\org\objenesis\objenesis\2.6\objenesis-2.6.jar;C:\Users\singaram.ram\.m2\repository\org\skyscreamer\jsonassert\1.5.0\jsonassert-1.5.0.jar;C:\Users\singaram.ram\.m2\repository\com\vaadin\external\google\android-json\0.0.20131108.vaadin1\android-json-0.0.20131108.vaadin1.jar;C:\Users\singaram.ram\.m2\repository\org\springframework\spring-core\5.2.2.RELEASE\spring-core-5.2.2.RELEASE.jar;C:\Users\singaram.ram\.m2\repository\org\springframework\spring-jcl\5.2.2.RELEASE\spring-jcl-5.2.2.RELEASE.jar;C:\Users\singaram.ram\.m2\repository\org\springframework\spring-test\5.2.2.RELEASE\spring-test-5.2.2.RELEASE.jar;C:\Users\singaram.ram\.m2\repository\org\xmlunit\xmlunit-core\2.6.3\xmlunit-core-2.6.3.jar;C:\Users\singaram.ram\.m2\repository\org\springframework\boot\spring-boot-configuration-processor\2.2.2.RELEASE\spring-boot-configuration-processor-2.2.2.RELEASE.jar;C:\Users\singaram.ram\.m2\repository\org\slf4j\slf4j-api\1.7.29\slf4j-api-1.7.29.jar;C:\Users\singaram.ram\.m2\repository\ch\qos\logback\logback-classic\1.2.3\logback-classic-1.2.3.jar;C:\Users\singaram.ram\.m2\repository\ch\qos\logback\logback-core\1.2.3\logback-core-1.2.3.jar;C:\Users\singaram.ram\.m2\repository\io\springfox\springfox-swagger2\2.7.0\springfox-swagger2-2.7.0.jar;C:\Users\singaram.ram\.m2\repository\io\swagger\swagger-annotations\1.5.13\swagger-annotations-1.5.13.jar;C:\Users\singaram.ram\.m2\repository\io\swagger\swagger-models\1.5.13\swagger-models-1.5.13.jar;C:\Users\singaram.ram\.m2\repository\io\springfox\springfox-spi\2.7.0\springfox-spi-2.7.0.jar;C:\Users\singaram.ram\.m2\repository\io\springfox\springfox-core\2.7.0\springfox-core-2.7.0.jar;C:\Users\singaram.ram\.m2\repository\io\springfox\springfox-schema\2.7.0\springfox-schema-2.7.0.jar;C:\Users\singaram.ram\.m2\repository\io\springfox\springfox-swagger-common\2.7.0\springfox-swagger-common-2.7.0.jar;C:\Users\singaram.ram\.m2\repository\io\springfox\springfox-spring-web\2.7.0\springfox-spring-web-2.7.0.jar;C:\Users\singaram.ram\.m2\repository\org\reflections\reflections\0.9.11\reflections-0.9.11.jar;C:\Users\singaram.ram\.m2\repository\org\javassist\javassist\3.21.0-GA\javassist-3.21.0-GA.jar;C:\Users\singaram.ram\.m2\repository\com\fasterxml\classmate\1.5.1\classmate-1.5.1.jar;C:\Users\singaram.ram\.m2\repository\org\springframework\plugin\spring-plugin-core\1.2.0.RELEASE\spring-plugin-core-1.2.0.RELEASE.jar;C:\Users\singaram.ram\.m2\repository\org\springframework\plugin\spring-plugin-metadata\1.2.0.RELEASE\spring-plugin-metadata-1.2.0.RELEASE.jar;C:\Users\singaram.ram\.m2\repository\org\mapstruct\mapstruct\1.1.0.Final\mapstruct-1.1.0.Final.jar;C:\Users\singaram.ram\.m2\repository\io\springfox\springfox-swagger-ui\2.7.0\springfox-swagger-ui-2.7.0.jar;C:\Users\singaram.ram\.m2\repository\org\springframework\boot\spring-boot-actuator\2.2.2.RELEASE\spring-boot-actuator-2.2.2.RELEASE.jar;C:\Users\singaram.ram\.m2\repository\org\springframework\boot\spring-boot\2.2.2.RELEASE\spring-boot-2.2.2.RELEASE.jar;C:\Users\singaram.ram\.m2\repository\com\fasterxml\jackson\datatype\jackson-datatype-jsr310\2.10.1\jackson-datatype-jsr310-2.10.1.jar;C:\Users\singaram.ram\.m2\repository\com\fasterxml\uuid\java-uuid-generator\3.1.4\java-uuid-generator-3.1.4.jar;C:\Users\singaram.ram\.m2\repository\junit\junit\4.12\junit-4.12.jar;C:\Users\singaram.ram\.m2\repository\org\hamcrest\hamcrest-core\2.1\hamcrest-core-2.1.jar;C:\Users\singaram.ram\.m2\repository\io\rest-assured\rest-assured\3.3.0\rest-assured-3.3.0.jar;C:\Users\singaram.ram\.m2\repository\org\codehaus\groovy\groovy\2.5.8\groovy-2.5.8.jar;C:\Users\singaram.ram\.m2\repository\org\codehaus\groovy\groovy-xml\2.5.8\groovy-xml-2.5.8.jar;C:\Users\singaram.ram\.m2\repository\org\apache\httpcomponents\httpclient\4.5.10\httpclient-4.5.10.jar;C:\Users\singaram.ram\.m2\repository\org\apache\httpcomponents\httpcore\4.4.12\httpcore-4.4.12.jar;C:\Users\singaram.ram\.m2\repository\commons-codec\commons-codec\1.13\commons-codec-1.13.jar;C:\Users\singaram.ram\.m2\repository\org\apache\httpcomponents\httpmime\4.5.10\httpmime-4.5.10.jar;C:\Users\singaram.ram\.m2\repository\org\ccil\cowan\tagsoup\tagsoup\1.2.1\tagsoup-1.2.1.jar;C:\Users\singaram.ram\.m2\repository\io\rest-assured\json-path\3.3.0\json-path-3.3.0.jar;C:\Users\singaram.ram\.m2\repository\org\codehaus\groovy\groovy-json\2.5.8\groovy-json-2.5.8.jar;C:\Users\singaram.ram\.m2\repository\io\rest-assured\rest-assured-common\3.3.0\rest-assured-common-3.3.0.jar;C:\Users\singaram.ram\.m2\repository\io\rest-assured\json-schema-validator\3.3.0\json-schema-validator-3.3.0.jar;C:\Users\singaram.ram\.m2\repository\com\github\java-json-tools\json-schema-validator\2.2.10\json-schema-validator-2.2.10.jar;C:\Users\singaram.ram\.m2\repository\com\github\java-json-tools\json-schema-core\1.2.10\json-schema-core-1.2.10.jar;C:\Users\singaram.ram\.m2\repository\com\github\java-json-tools\jackson-coreutils\1.9\jackson-coreutils-1.9.jar;C:\Users\singaram.ram\.m2\repository\com\github\fge\msg-simple\1.1\msg-simple-1.1.jar;C:\Users\singaram.ram\.m2\repository\com\github\fge\btf\1.2\btf-1.2.jar;C:\Users\singaram.ram\.m2\repository\com\github\fge\uri-template\0.9\uri-template-0.9.jar;C:\Users\singaram.ram\.m2\repository\org\mozilla\rhino\1.7.7.1\rhino-1.7.7.1.jar;C:\Users\singaram.ram\.m2\repository\javax\mail\mailapi\1.4.3\mailapi-1.4.3.jar;C:\Users\singaram.ram\.m2\repository\com\googlecode\libphonenumber\libphonenumber\8.0.0\libphonenumber-8.0.0.jar;C:\Users\singaram.ram\.m2\repository\com\google\code\findbugs\jsr305\3.0.1\jsr305-3.0.1.jar;C:\Users\singaram.ram\.m2\repository\net\sf\jopt-simple\jopt-simple\5.0.3\jopt-simple-5.0.3.jar;C:\Users\singaram.ram\.m2\repository\io\rest-assured\xml-path\3.3.0\xml-path-3.3.0.jar;C:\Users\singaram.ram\.m2\repository\javax\xml\bind\jaxb-api\2.3.1\jaxb-api-2.3.1.jar;C:\Users\singaram.ram\.m2\repository\javax\activation\javax.activation-api\1.2.0\javax.activation-api-1.2.0.jar;C:\Users\singaram.ram\.m2\repository\com\sun\xml\bind\jaxb-osgi\2.2.10\jaxb-osgi-2.2.10.jar;C:\Users\singaram.ram\.m2\repository\org\apache\sling\org.apache.sling.javax.activation\0.1.0\org.apache.sling.javax.activation-0.1.0.jar;C:\Users\singaram.ram\.m2\repository\javax\activation\activation\1.1.1\activation-1.1.1.jar;C:\Users\singaram.ram\.m2\repository\org\hamcrest\hamcrest-all\1.3\hamcrest-all-1.3.jar;C:\Users\singaram.ram\.m2\repository\org\hamcrest\hamcrest-library\1.3\hamcrest-library-1.3.jar;C:\Users\singaram.ram\.m2\repository\org\codehaus\groovy\groovy-all\2.4.15\groovy-all-2.4.15.jar;C:\Users\singaram.ram\.m2\repository\com\vimalselvam\cucumber-extentsreport\3.0.2\cucumber-extentsreport-3.0.2.jar;C:\Users\singaram.ram\.m2\repository\com\aventstack\extentreports\4.0.9\extentreports-4.0.9.jar;C:\Users\singaram.ram\.m2\repository\org\freemarker\freemarker\2.3.29\freemarker-2.3.29.jar;C:\Users\singaram.ram\.m2\repository\org\mongodb\mongodb-driver\3.11.2\mongodb-driver-3.11.2.jar;C:\Users\singaram.ram\.m2\repository\org\mongodb\mongodb-driver-core\3.11.2\mongodb-driver-core-3.11.2.jar;C:\Users\singaram.ram\.m2\repository\org\mongodb\bson\3.11.2\bson-3.11.2.jar;C:\Users\singaram.ram\.m2\repository\com\google\code\gson\gson\2.8.6\gson-2.8.6.jar;C:\Users\singaram.ram\.m2\repository\com\fasterxml\jackson\dataformat\jackson-dataformat-csv\2.10.1\jackson-dataformat-csv-2.10.1.jar;C:\Users\singaram.ram\.m2\repository\com\fasterxml\jackson\core\jackson-core\2.10.1\jackson-core-2.10.1.jar;C:\Users\singaram.ram\.m2\repository\net\logstash\logback\logstash-logback-encoder\5.3\logstash-logback-encoder-5.3.jar;C:\Users\singaram.ram\.m2\repository\org\apache\commons\commons-lang3\3.7\commons-lang3-3.7.jar;C:\Users\singaram.ram\.m2\repository\org\apache\commons\commons-collections4\4.0\commons-collections4-4.0.jar;C:\Users\singaram.ram\.m2\repository\io\cucumber\cucumber-java\2.3.1\cucumber-java-2.3.1.jar;C:\Users\singaram.ram\.m2\repository\io\cucumber\cucumber-core\2.3.1\cucumber-core-2.3.1.jar;C:\Users\singaram.ram\.m2\repository\info\cukes\cucumber-html\0.2.6\cucumber-html-0.2.6.jar;C:\Users\singaram.ram\.m2\repository\io\cucumber\cucumber-jvm-deps\1.0.6\cucumber-jvm-deps-1.0.6.jar;C:\Users\singaram.ram\.m2\repository\io\cucumber\gherkin\5.0.0\gherkin-5.0.0.jar;C:\Users\singaram.ram\.m2\repository\io\cucumber\tag-expressions\1.1.1\tag-expressions-1.1.1.jar;C:\Users\singaram.ram\.m2\repository\io\cucumber\cucumber-junit\2.3.1\cucumber-junit-2.3.1.jar;C:\Users\singaram.ram\.m2\repository\io\cucumber\cucumber-spring\2.3.1\cucumber-spring-2.3.1.jar;C:\Users\singaram.ram\.m2\repository\net\masterthought\cucumber-reporting\5.2.0\cucumber-reporting-5.2.0.jar;C:\Users\singaram.ram\.m2\repository\org\apache\velocity\velocity-engine-core\2.1\velocity-engine-core-2.1.jar;C:\Users\singaram.ram\.m2\repository\commons-collections\commons-collections\3.2.2\commons-collections-3.2.2.jar;C:\Users\singaram.ram\.m2\repository\joda-time\joda-time\2.10.5\joda-time-2.10.5.jar;C:\Users\singaram.ram\.m2\repository\org\codehaus\plexus\plexus-utils\3.3.0\plexus-utils-3.3.0.jar;C:\Users\singaram.ram\.m2\repository\org\jsoup\jsoup\1.12.1\jsoup-1.12.1.jar;C:\Users\singaram.ram\.m2\repository\com\googlecode\owasp-java-html-sanitizer\owasp-java-html-sanitizer\20191001.1\owasp-java-html-sanitizer-20191001.1.jar;C:\Users\singaram.ram\.m2\repository\commons-configuration\commons-configuration\1.10\commons-configuration-1.10.jar;C:\Users\singaram.ram\.m2\repository\commons-lang\commons-lang\2.6\commons-lang-2.6.jar;C:\Users\singaram.ram\.m2\repository\commons-logging\commons-logging\1.1.1\commons-logging-1.1.1.jar;"/>
    <property name="java.vm.vendor" value="Oracle Corporation"/>
    <property name="sun.arch.data.model" value="64"/>
    <property name="user.variant" value=""/>
    <property name="java.vendor.url" value="http://java.oracle.com/"/>
    <property name="user.timezone" value="Asia/Calcutta"/>
    <property name="java.vm.specification.version" value="1.8"/>
    <property name="os.name" value="Windows 10"/>
    <property name="user.country" value="US"/>
    <property name="sun.java.launcher" value="SUN_STANDARD"/>
    <property name="sun.boot.library.path" value="C:\Program Files\Java\jdk1.8.0_191\jre\bin"/>
    <property name="sun.java.command" value="C:\Users\singaram.ram\AppData\Local\Temp\surefire4485816194498878375\surefirebooter9207204989869086745.jar C:\Users\singaram.ram\AppData\Local\Temp\surefire4485816194498878375 2020-07-02T10-59-06_939-jvmRun1 surefire3750308844607846050tmp surefire_08795155034621390881tmp"/>
    <property name="surefire.test.class.path" value="C:\Users\singaram.ram\git\ziptodest\ZipToDest-UI\ZD-Server\target\test-classes;C:\Users\singaram.ram\git\ziptodest\ZipToDest-UI\ZD-Server\target\classes;C:\Users\singaram.ram\.m2\repository\org\springframework\boot\spring-boot-starter-web\2.2.2.RELEASE\spring-boot-starter-web-2.2.2.RELEASE.jar;C:\Users\singaram.ram\.m2\repository\org\springframework\boot\spring-boot-starter\2.2.2.RELEASE\spring-boot-starter-2.2.2.RELEASE.jar;C:\Users\singaram.ram\.m2\repository\jakarta\annotation\jakarta.annotation-api\1.3.5\jakarta.annotation-api-1.3.5.jar;C:\Users\singaram.ram\.m2\repository\org\yaml\snakeyaml\1.25\snakeyaml-1.25.jar;C:\Users\singaram.ram\.m2\repository\org\springframework\boot\spring-boot-starter-json\2.2.2.RELEASE\spring-boot-starter-json-2.2.2.RELEASE.jar;C:\Users\singaram.ram\.m2\repository\com\fasterxml\jackson\datatype\jackson-datatype-jdk8\2.10.1\jackson-datatype-jdk8-2.10.1.jar;C:\Users\singaram.ram\.m2\repository\com\fasterxml\jackson\module\jackson-module-parameter-names\2.10.1\jackson-module-parameter-names-2.10.1.jar;C:\Users\singaram.ram\.m2\repository\org\springframework\boot\spring-boot-starter-tomcat\2.2.2.RELEASE\spring-boot-starter-tomcat-2.2.2.RELEASE.jar;C:\Users\singaram.ram\.m2\repository\org\apache\tomcat\embed\tomcat-embed-core\9.0.29\tomcat-embed-core-9.0.29.jar;C:\Users\singaram.ram\.m2\repository\org\apache\tomcat\embed\tomcat-embed-el\9.0.29\tomcat-embed-el-9.0.29.jar;C:\Users\singaram.ram\.m2\repository\org\apache\tomcat\embed\tomcat-embed-websocket\9.0.29\tomcat-embed-websocket-9.0.29.jar;C:\Users\singaram.ram\.m2\repository\org\springframework\boot\spring-boot-starter-validation\2.2.2.RELEASE\spring-boot-starter-validation-2.2.2.RELEASE.jar;C:\Users\singaram.ram\.m2\repository\jakarta\validation\jakarta.validation-api\2.0.1\jakarta.validation-api-2.0.1.jar;C:\Users\singaram.ram\.m2\repository\org\hibernate\validator\hibernate-validator\6.0.18.Final\hibernate-validator-6.0.18.Final.jar;C:\Users\singaram.ram\.m2\repository\org\jboss\logging\jboss-logging\3.4.1.Final\jboss-logging-3.4.1.Final.jar;C:\Users\singaram.ram\.m2\repository\org\springframework\spring-web\5.2.2.RELEASE\spring-web-5.2.2.RELEASE.jar;C:\Users\singaram.ram\.m2\repository\org\springframework\spring-beans\5.2.2.RELEASE\spring-beans-5.2.2.RELEASE.jar;C:\Users\singaram.ram\.m2\repository\org\springframework\spring-webmvc\5.2.2.RELEASE\spring-webmvc-5.2.2.RELEASE.jar;C:\Users\singaram.ram\.m2\repository\org\springframework\spring-aop\5.2.2.RELEASE\spring-aop-5.2.2.RELEASE.jar;C:\Users\singaram.ram\.m2\repository\org\springframework\spring-context\5.2.2.RELEASE\spring-context-5.2.2.RELEASE.jar;C:\Users\singaram.ram\.m2\repository\org\springframework\spring-expression\5.2.2.RELEASE\spring-expression-5.2.2.RELEASE.jar;C:\Users\singaram.ram\.m2\repository\org\springframework\boot\spring-boot-starter-data-redis\2.2.2.RELEASE\spring-boot-starter-data-redis-2.2.2.RELEASE.jar;C:\Users\singaram.ram\.m2\repository\org\springframework\data\spring-data-redis\2.2.3.RELEASE\spring-data-redis-2.2.3.RELEASE.jar;C:\Users\singaram.ram\.m2\repository\org\springframework\data\spring-data-keyvalue\2.2.3.RELEASE\spring-data-keyvalue-2.2.3.RELEASE.jar;C:\Users\singaram.ram\.m2\repository\org\springframework\data\spring-data-commons\2.2.3.RELEASE\spring-data-commons-2.2.3.RELEASE.jar;C:\Users\singaram.ram\.m2\repository\org\springframework\spring-tx\5.2.2.RELEASE\spring-tx-5.2.2.RELEASE.jar;C:\Users\singaram.ram\.m2\repository\org\springframework\spring-oxm\5.2.2.RELEASE\spring-oxm-5.2.2.RELEASE.jar;C:\Users\singaram.ram\.m2\repository\org\springframework\spring-context-support\5.2.2.RELEASE\spring-context-support-5.2.2.RELEASE.jar;C:\Users\singaram.ram\.m2\repository\redis\clients\jedis\3.1.0\jedis-3.1.0.jar;C:\Users\singaram.ram\.m2\repository\org\apache\commons\commons-pool2\2.7.0\commons-pool2-2.7.0.jar;C:\Users\singaram.ram\.m2\repository\com\github\kstyrc\embedded-redis\0.6\embedded-redis-0.6.jar;C:\Users\singaram.ram\.m2\repository\com\google\guava\guava\18.0\guava-18.0.jar;C:\Users\singaram.ram\.m2\repository\commons-io\commons-io\2.4\commons-io-2.4.jar;C:\Users\singaram.ram\.m2\repository\com\fedex\ZD-Client\1.0.3\ZD-Client-1.0.3.jar;C:\Users\singaram.ram\.m2\repository\org\springframework\cloud\spring-cloud-config-client\2.1.3.RELEASE\spring-cloud-config-client-2.1.3.RELEASE.jar;C:\Users\singaram.ram\.m2\repository\org\springframework\boot\spring-boot-autoconfigure\2.2.2.RELEASE\spring-boot-autoconfigure-2.2.2.RELEASE.jar;C:\Users\singaram.ram\.m2\repository\org\springframework\cloud\spring-cloud-commons\2.1.2.RELEASE\spring-cloud-commons-2.1.2.RELEASE.jar;C:\Users\singaram.ram\.m2\repository\org\springframework\security\spring-security-crypto\5.2.1.RELEASE\spring-security-crypto-5.2.1.RELEASE.jar;C:\Users\singaram.ram\.m2\repository\org\springframework\cloud\spring-cloud-context\2.1.2.RELEASE\spring-cloud-context-2.1.2.RELEASE.jar;C:\Users\singaram.ram\.m2\repository\com\fasterxml\jackson\core\jackson-annotations\2.10.1\jackson-annotations-2.10.1.jar;C:\Users\singaram.ram\.m2\repository\com\fasterxml\jackson\core\jackson-databind\2.10.1\jackson-databind-2.10.1.jar;C:\Users\singaram.ram\.m2\repository\org\glassfish\javax.json\1.1.4\javax.json-1.1.4.jar;C:\Users\singaram.ram\.m2\repository\org\springframework\boot\spring-boot-starter-actuator\2.2.2.RELEASE\spring-boot-starter-actuator-2.2.2.RELEASE.jar;C:\Users\singaram.ram\.m2\repository\org\springframework\boot\spring-boot-actuator-autoconfigure\2.2.2.RELEASE\spring-boot-actuator-autoconfigure-2.2.2.RELEASE.jar;C:\Users\singaram.ram\.m2\repository\io\micrometer\micrometer-core\1.3.1\micrometer-core-1.3.1.jar;C:\Users\singaram.ram\.m2\repository\org\hdrhistogram\HdrHistogram\2.1.11\HdrHistogram-2.1.11.jar;C:\Users\singaram.ram\.m2\repository\org\latencyutils\LatencyUtils\2.0.3\LatencyUtils-2.0.3.jar;C:\Users\singaram.ram\.m2\repository\org\springframework\boot\spring-boot-starter-test\2.2.2.RELEASE\spring-boot-starter-test-2.2.2.RELEASE.jar;C:\Users\singaram.ram\.m2\repository\org\springframework\boot\spring-boot-test\2.2.2.RELEASE\spring-boot-test-2.2.2.RELEASE.jar;C:\Users\singaram.ram\.m2\repository\org\springframework\boot\spring-boot-test-autoconfigure\2.2.2.RELEASE\spring-boot-test-autoconfigure-2.2.2.RELEASE.jar;C:\Users\singaram.ram\.m2\repository\com\jayway\jsonpath\json-path\2.4.0\json-path-2.4.0.jar;C:\Users\singaram.ram\.m2\repository\net\minidev\json-smart\2.3\json-smart-2.3.jar;C:\Users\singaram.ram\.m2\repository\net\minidev\accessors-smart\1.2\accessors-smart-1.2.jar;C:\Users\singaram.ram\.m2\repository\org\ow2\asm\asm\5.0.4\asm-5.0.4.jar;C:\Users\singaram.ram\.m2\repository\jakarta\xml\bind\jakarta.xml.bind-api\2.3.2\jakarta.xml.bind-api-2.3.2.jar;C:\Users\singaram.ram\.m2\repository\jakarta\activation\jakarta.activation-api\1.2.1\jakarta.activation-api-1.2.1.jar;C:\Users\singaram.ram\.m2\repository\org\junit\jupiter\junit-jupiter\5.5.2\junit-jupiter-5.5.2.jar;C:\Users\singaram.ram\.m2\repository\org\junit\jupiter\junit-jupiter-api\5.5.2\junit-jupiter-api-5.5.2.jar;C:\Users\singaram.ram\.m2\repository\org\opentest4j\opentest4j\1.2.0\opentest4j-1.2.0.jar;C:\Users\singaram.ram\.m2\repository\org\junit\platform\junit-platform-commons\1.5.2\junit-platform-commons-1.5.2.jar;C:\Users\singaram.ram\.m2\repository\org\junit\jupiter\junit-jupiter-params\5.5.2\junit-jupiter-params-5.5.2.jar;C:\Users\singaram.ram\.m2\repository\org\junit\jupiter\junit-jupiter-engine\5.5.2\junit-jupiter-engine-5.5.2.jar;C:\Users\singaram.ram\.m2\repository\org\junit\vintage\junit-vintage-engine\5.5.2\junit-vintage-engine-5.5.2.jar;C:\Users\singaram.ram\.m2\repository\org\apiguardian\apiguardian-api\1.1.0\apiguardian-api-1.1.0.jar;C:\Users\singaram.ram\.m2\repository\org\junit\platform\junit-platform-engine\1.5.2\junit-platform-engine-1.5.2.jar;C:\Users\singaram.ram\.m2\repository\org\mockito\mockito-junit-jupiter\3.1.0\mockito-junit-jupiter-3.1.0.jar;C:\Users\singaram.ram\.m2\repository\org\assertj\assertj-core\3.13.2\assertj-core-3.13.2.jar;C:\Users\singaram.ram\.m2\repository\org\hamcrest\hamcrest\2.1\hamcrest-2.1.jar;C:\Users\singaram.ram\.m2\repository\org\mockito\mockito-core\3.1.0\mockito-core-3.1.0.jar;C:\Users\singaram.ram\.m2\repository\net\bytebuddy\byte-buddy\1.10.4\byte-buddy-1.10.4.jar;C:\Users\singaram.ram\.m2\repository\net\bytebuddy\byte-buddy-agent\1.10.4\byte-buddy-agent-1.10.4.jar;C:\Users\singaram.ram\.m2\repository\org\objenesis\objenesis\2.6\objenesis-2.6.jar;C:\Users\singaram.ram\.m2\repository\org\skyscreamer\jsonassert\1.5.0\jsonassert-1.5.0.jar;C:\Users\singaram.ram\.m2\repository\com\vaadin\external\google\android-json\0.0.20131108.vaadin1\android-json-0.0.20131108.vaadin1.jar;C:\Users\singaram.ram\.m2\repository\org\springframework\spring-core\5.2.2.RELEASE\spring-core-5.2.2.RELEASE.jar;C:\Users\singaram.ram\.m2\repository\org\springframework\spring-jcl\5.2.2.RELEASE\spring-jcl-5.2.2.RELEASE.jar;C:\Users\singaram.ram\.m2\repository\org\springframework\spring-test\5.2.2.RELEASE\spring-test-5.2.2.RELEASE.jar;C:\Users\singaram.ram\.m2\repository\org\xmlunit\xmlunit-core\2.6.3\xmlunit-core-2.6.3.jar;C:\Users\singaram.ram\.m2\repository\org\springframework\boot\spring-boot-configuration-processor\2.2.2.RELEASE\spring-boot-configuration-processor-2.2.2.RELEASE.jar;C:\Users\singaram.ram\.m2\repository\org\slf4j\slf4j-api\1.7.29\slf4j-api-1.7.29.jar;C:\Users\singaram.ram\.m2\repository\ch\qos\logback\logback-classic\1.2.3\logback-classic-1.2.3.jar;C:\Users\singaram.ram\.m2\repository\ch\qos\logback\logback-core\1.2.3\logback-core-1.2.3.jar;C:\Users\singaram.ram\.m2\repository\io\springfox\springfox-swagger2\2.7.0\springfox-swagger2-2.7.0.jar;C:\Users\singaram.ram\.m2\repository\io\swagger\swagger-annotations\1.5.13\swagger-annotations-1.5.13.jar;C:\Users\singaram.ram\.m2\repository\io\swagger\swagger-models\1.5.13\swagger-models-1.5.13.jar;C:\Users\singaram.ram\.m2\repository\io\springfox\springfox-spi\2.7.0\springfox-spi-2.7.0.jar;C:\Users\singaram.ram\.m2\repository\io\springfox\springfox-core\2.7.0\springfox-core-2.7.0.jar;C:\Users\singaram.ram\.m2\repository\io\springfox\springfox-schema\2.7.0\springfox-schema-2.7.0.jar;C:\Users\singaram.ram\.m2\repository\io\springfox\springfox-swagger-common\2.7.0\springfox-swagger-common-2.7.0.jar;C:\Users\singaram.ram\.m2\repository\io\springfox\springfox-spring-web\2.7.0\springfox-spring-web-2.7.0.jar;C:\Users\singaram.ram\.m2\repository\org\reflections\reflections\0.9.11\reflections-0.9.11.jar;C:\Users\singaram.ram\.m2\repository\org\javassist\javassist\3.21.0-GA\javassist-3.21.0-GA.jar;C:\Users\singaram.ram\.m2\repository\com\fasterxml\classmate\1.5.1\classmate-1.5.1.jar;C:\Users\singaram.ram\.m2\repository\org\springframework\plugin\spring-plugin-core\1.2.0.RELEASE\spring-plugin-core-1.2.0.RELEASE.jar;C:\Users\singaram.ram\.m2\repository\org\springframework\plugin\spring-plugin-metadata\1.2.0.RELEASE\spring-plugin-metadata-1.2.0.RELEASE.jar;C:\Users\singaram.ram\.m2\repository\org\mapstruct\mapstruct\1.1.0.Final\mapstruct-1.1.0.Final.jar;C:\Users\singaram.ram\.m2\repository\io\springfox\springfox-swagger-ui\2.7.0\springfox-swagger-ui-2.7.0.jar;C:\Users\singaram.ram\.m2\repository\org\springframework\boot\spring-boot-actuator\2.2.2.RELEASE\spring-boot-actuator-2.2.2.RELEASE.jar;C:\Users\singaram.ram\.m2\repository\org\springframework\boot\spring-boot\2.2.2.RELEASE\spring-boot-2.2.2.RELEASE.jar;C:\Users\singaram.ram\.m2\repository\com\fasterxml\jackson\datatype\jackson-datatype-jsr310\2.10.1\jackson-datatype-jsr310-2.10.1.jar;C:\Users\singaram.ram\.m2\repository\com\fasterxml\uuid\java-uuid-generator\3.1.4\java-uuid-generator-3.1.4.jar;C:\Users\singaram.ram\.m2\repository\junit\junit\4.12\junit-4.12.jar;C:\Users\singaram.ram\.m2\repository\org\hamcrest\hamcrest-core\2.1\hamcrest-core-2.1.jar;C:\Users\singaram.ram\.m2\repository\io\rest-assured\rest-assured\3.3.0\rest-assured-3.3.0.jar;C:\Users\singaram.ram\.m2\repository\org\codehaus\groovy\groovy\2.5.8\groovy-2.5.8.jar;C:\Users\singaram.ram\.m2\repository\org\codehaus\groovy\groovy-xml\2.5.8\groovy-xml-2.5.8.jar;C:\Users\singaram.ram\.m2\repository\org\apache\httpcomponents\httpclient\4.5.10\httpclient-4.5.10.jar;C:\Users\singaram.ram\.m2\repository\org\apache\httpcomponents\httpcore\4.4.12\httpcore-4.4.12.jar;C:\Users\singaram.ram\.m2\repository\commons-codec\commons-codec\1.13\commons-codec-1.13.jar;C:\Users\singaram.ram\.m2\repository\org\apache\httpcomponents\httpmime\4.5.10\httpmime-4.5.10.jar;C:\Users\singaram.ram\.m2\repository\org\ccil\cowan\tagsoup\tagsoup\1.2.1\tagsoup-1.2.1.jar;C:\Users\singaram.ram\.m2\repository\io\rest-assured\json-path\3.3.0\json-path-3.3.0.jar;C:\Users\singaram.ram\.m2\repository\org\codehaus\groovy\groovy-json\2.5.8\groovy-json-2.5.8.jar;C:\Users\singaram.ram\.m2\repository\io\rest-assured\rest-assured-common\3.3.0\rest-assured-common-3.3.0.jar;C:\Users\singaram.ram\.m2\repository\io\rest-assured\json-schema-validator\3.3.0\json-schema-validator-3.3.0.jar;C:\Users\singaram.ram\.m2\repository\com\github\java-json-tools\json-schema-validator\2.2.10\json-schema-validator-2.2.10.jar;C:\Users\singaram.ram\.m2\repository\com\github\java-json-tools\json-schema-core\1.2.10\json-schema-core-1.2.10.jar;C:\Users\singaram.ram\.m2\repository\com\github\java-json-tools\jackson-coreutils\1.9\jackson-coreutils-1.9.jar;C:\Users\singaram.ram\.m2\repository\com\github\fge\msg-simple\1.1\msg-simple-1.1.jar;C:\Users\singaram.ram\.m2\repository\com\github\fge\btf\1.2\btf-1.2.jar;C:\Users\singaram.ram\.m2\repository\com\github\fge\uri-template\0.9\uri-template-0.9.jar;C:\Users\singaram.ram\.m2\repository\org\mozilla\rhino\1.7.7.1\rhino-1.7.7.1.jar;C:\Users\singaram.ram\.m2\repository\javax\mail\mailapi\1.4.3\mailapi-1.4.3.jar;C:\Users\singaram.ram\.m2\repository\com\googlecode\libphonenumber\libphonenumber\8.0.0\libphonenumber-8.0.0.jar;C:\Users\singaram.ram\.m2\repository\com\google\code\findbugs\jsr305\3.0.1\jsr305-3.0.1.jar;C:\Users\singaram.ram\.m2\repository\net\sf\jopt-simple\jopt-simple\5.0.3\jopt-simple-5.0.3.jar;C:\Users\singaram.ram\.m2\repository\io\rest-assured\xml-path\3.3.0\xml-path-3.3.0.jar;C:\Users\singaram.ram\.m2\repository\javax\xml\bind\jaxb-api\2.3.1\jaxb-api-2.3.1.jar;C:\Users\singaram.ram\.m2\repository\javax\activation\javax.activation-api\1.2.0\javax.activation-api-1.2.0.jar;C:\Users\singaram.ram\.m2\repository\com\sun\xml\bind\jaxb-osgi\2.2.10\jaxb-osgi-2.2.10.jar;C:\Users\singaram.ram\.m2\repository\org\apache\sling\org.apache.sling.javax.activation\0.1.0\org.apache.sling.javax.activation-0.1.0.jar;C:\Users\singaram.ram\.m2\repository\javax\activation\activation\1.1.1\activation-1.1.1.jar;C:\Users\singaram.ram\.m2\repository\org\hamcrest\hamcrest-all\1.3\hamcrest-all-1.3.jar;C:\Users\singaram.ram\.m2\repository\org\hamcrest\hamcrest-library\1.3\hamcrest-library-1.3.jar;C:\Users\singaram.ram\.m2\repository\org\codehaus\groovy\groovy-all\2.4.15\groovy-all-2.4.15.jar;C:\Users\singaram.ram\.m2\repository\com\vimalselvam\cucumber-extentsreport\3.0.2\cucumber-extentsreport-3.0.2.jar;C:\Users\singaram.ram\.m2\repository\com\aventstack\extentreports\4.0.9\extentreports-4.0.9.jar;C:\Users\singaram.ram\.m2\repository\org\freemarker\freemarker\2.3.29\freemarker-2.3.29.jar;C:\Users\singaram.ram\.m2\repository\org\mongodb\mongodb-driver\3.11.2\mongodb-driver-3.11.2.jar;C:\Users\singaram.ram\.m2\repository\org\mongodb\mongodb-driver-core\3.11.2\mongodb-driver-core-3.11.2.jar;C:\Users\singaram.ram\.m2\repository\org\mongodb\bson\3.11.2\bson-3.11.2.jar;C:\Users\singaram.ram\.m2\repository\com\google\code\gson\gson\2.8.6\gson-2.8.6.jar;C:\Users\singaram.ram\.m2\repository\com\fasterxml\jackson\dataformat\jackson-dataformat-csv\2.10.1\jackson-dataformat-csv-2.10.1.jar;C:\Users\singaram.ram\.m2\repository\com\fasterxml\jackson\core\jackson-core\2.10.1\jackson-core-2.10.1.jar;C:\Users\singaram.ram\.m2\repository\net\logstash\logback\logstash-logback-encoder\5.3\logstash-logback-encoder-5.3.jar;C:\Users\singaram.ram\.m2\repository\org\apache\commons\commons-lang3\3.7\commons-lang3-3.7.jar;C:\Users\singaram.ram\.m2\repository\org\apache\commons\commons-collections4\4.0\commons-collections4-4.0.jar;C:\Users\singaram.ram\.m2\repository\io\cucumber\cucumber-java\2.3.1\cucumber-java-2.3.1.jar;C:\Users\singaram.ram\.m2\repository\io\cucumber\cucumber-core\2.3.1\cucumber-core-2.3.1.jar;C:\Users\singaram.ram\.m2\repository\info\cukes\cucumber-html\0.2.6\cucumber-html-0.2.6.jar;C:\Users\singaram.ram\.m2\repository\io\cucumber\cucumber-jvm-deps\1.0.6\cucumber-jvm-deps-1.0.6.jar;C:\Users\singaram.ram\.m2\repository\io\cucumber\gherkin\5.0.0\gherkin-5.0.0.jar;C:\Users\singaram.ram\.m2\repository\io\cucumber\tag-expressions\1.1.1\tag-expressions-1.1.1.jar;C:\Users\singaram.ram\.m2\repository\io\cucumber\cucumber-junit\2.3.1\cucumber-junit-2.3.1.jar;C:\Users\singaram.ram\.m2\repository\io\cucumber\cucumber-spring\2.3.1\cucumber-spring-2.3.1.jar;C:\Users\singaram.ram\.m2\repository\net\masterthought\cucumber-reporting\5.2.0\cucumber-reporting-5.2.0.jar;C:\Users\singaram.ram\.m2\repository\org\apache\velocity\velocity-engine-core\2.1\velocity-engine-core-2.1.jar;C:\Users\singaram.ram\.m2\repository\commons-collections\commons-collections\3.2.2\commons-collections-3.2.2.jar;C:\Users\singaram.ram\.m2\repository\joda-time\joda-time\2.10.5\joda-time-2.10.5.jar;C:\Users\singaram.ram\.m2\repository\org\codehaus\plexus\plexus-utils\3.3.0\plexus-utils-3.3.0.jar;C:\Users\singaram.ram\.m2\repository\org\jsoup\jsoup\1.12.1\jsoup-1.12.1.jar;C:\Users\singaram.ram\.m2\repository\com\googlecode\owasp-java-html-sanitizer\owasp-java-html-sanitizer\20191001.1\owasp-java-html-sanitizer-20191001.1.jar;C:\Users\singaram.ram\.m2\repository\commons-configuration\commons-configuration\1.10\commons-configuration-1.10.jar;C:\Users\singaram.ram\.m2\repository\commons-lang\commons-lang\2.6\commons-lang-2.6.jar;C:\Users\singaram.ram\.m2\repository\commons-logging\commons-logging\1.1.1\commons-logging-1.1.1.jar;"/>
    <property name="sun.cpu.endian" value="little"/>
    <property name="user.home" value="C:\Users\singaram.ram"/>
    <property name="user.language" value="en"/>
    <property name="java.specification.vendor" value="Oracle Corporation"/>
    <property name="java.home" value="C:\Program Files\Java\jdk1.8.0_191\jre"/>
    <property name="basedir" value="C:\Users\singaram.ram\git\ziptodest\ZipToDest-UI\ZD-Server"/>
    <property name="file.separator" value="\"/>
    <property name="line.separator" value="&#10;"/>
    <property name="java.vm.specification.vendor" value="Oracle Corporation"/>
    <property name="java.specification.name" value="Java Platform API Specification"/>
    <property name="java.awt.graphicsenv" value="sun.awt.Win32GraphicsEnvironment"/>
    <property name="surefire.real.class.path" value="C:\Users\singaram.ram\AppData\Local\Temp\surefire4485816194498878375\surefirebooter9207204989869086745.jar;C:\\Users\\singaram.ram\\.m2\\repository\\org\\jacoco\\org.jacoco.agent\\0.8.5\\org.jacoco.agent-0.8.5-runtime.jar"/>
    <property name="sun.boot.class.path" value="C:\Program Files\Java\jdk1.8.0_191\jre\lib\resources.jar;C:\Program Files\Java\jdk1.8.0_191\jre\lib\rt.jar;C:\Program Files\Java\jdk1.8.0_191\jre\lib\sunrsasign.jar;C:\Program Files\Java\jdk1.8.0_191\jre\lib\jsse.jar;C:\Program Files\Java\jdk1.8.0_191\jre\lib\jce.jar;C:\Program Files\Java\jdk1.8.0_191\jre\lib\charsets.jar;C:\Program Files\Java\jdk1.8.0_191\jre\lib\jfr.jar;C:\Program Files\Java\jdk1.8.0_191\jre\classes"/>
    <property name="user.script" value=""/>
    <property name="sun.management.compiler" value="HotSpot 64-Bit Tiered Compilers"/>
    <property name="java.runtime.version" value="1.8.0_191-b12"/>
    <property name="user.name" value="singaram.ram"/>
    <property name="path.separator" value=";"/>
    <property name="os.version" value="10.0"/>
    <property name="java.endorsed.dirs" value="C:\Program Files\Java\jdk1.8.0_191\jre\lib\endorsed"/>
    <property name="java.runtime.name" value="Java(TM) SE Runtime Environment"/>
    <property name="file.encoding" value="Cp1252"/>
    <property name="java.vm.name" value="Java HotSpot(TM) 64-Bit Server VM"/>
    <property name="localRepository" value="C:\Users\singaram.ram\.m2\repository"/>
    <property name="java.vendor.url.bug" value="http://bugreport.sun.com/bugreport/"/>
    <property name="java.io.tmpdir" value="C:\Users\singaram.ram\AppData\Local\Temp\"/>
    <property name="java.version" value="1.8.0_191"/>
    <property name="user.dir" value="C:\Users\singaram.ram\git\ziptodest\ZipToDest-UI\ZD-Server"/>
    <property name="os.arch" value="amd64"/>
    <property name="java.vm.specification.name" value="Java Virtual Machine Specification"/>
    <property name="java.awt.printerjob" value="sun.awt.windows.WPrinterJob"/>
    <property name="sun.os.patch.level" value=""/>
    <property name="java.library.path" value="C:\Program Files\Java\jdk1.8.0_191\jre\bin;C:\windows\Sun\Java\bin;C:\windows\system32;C:\windows;C:/Program Files/Java/jdk1.8.0_191/jre/bin/server;C:/Program Files/Java/jdk1.8.0_191/jre/bin;C:/Program Files/Java/jdk1.8.0_191/jre/lib/amd64;C:\Program Files (x86)\Common Files\Oracle\Java\javapath;C:\windows\system32;C:\windows;C:\windows\System32\Wbem;C:\windows\System32\WindowsPowerShell\v1.0\;C:\windows\System32\OpenSSH\;C:\Program Files\Java\jdk1.8.0_191\bin;C:\Program Files\apache-maven-3.6.3\bin;C:\Program Files\nodejs\;C:\Program Files\MySQL\MySQL Shell 8.0\bin\;C:\Users\singaram.ram\AppData\Local\Microsoft\WindowsApps;C:\Users\singaram.ram\AppData\Local\Programs\Microsoft VS Code\bin;C:\Users\singaram.ram\AppData\Roaming\npm;C:\windows\System32;;."/>
    <property name="java.vm.info" value="mixed mode"/>
    <property name="java.vendor" value="Oracle Corporation"/>
    <property name="java.vm.version" value="25.191-b12"/>
    <property name="java.ext.dirs" value="C:\Program Files\Java\jdk1.8.0_191\jre\lib\ext;C:\windows\Sun\Java\lib\ext"/>
    <property name="sun.io.unicode.encoding" value="UnicodeLittle"/>
    <property name="java.class.version" value="52.0"/>
  </properties>
  <testcase name="Verify State - Province controller" classname="com.fedex.ZDServer.cucumber.CucumberIT" time="2.796"/>
  <testcase name="Verify State - Province controller" classname="com.fedex.ZDServer.cucumber.CucumberIT" time="0.105"/>
  <testcase name="Verify State - Province controller" classname="com.fedex.ZDServer.cucumber.CucumberIT" time="0.096"/>
  <testcase name="Verify State - Province controller" classname="com.fedex.ZDServer.cucumber.CucumberIT" time="0.077"/>
  <testcase name="Verify State - Province controller" classname="com.fedex.ZDServer.cucumber.CucumberIT" time="0.073"/>
  <testcase name="Verify State - Province controller" classname="com.fedex.ZDServer.cucumber.CucumberIT" time="0.073"/>
  <testcase name="Verify State - Province controller" classname="com.fedex.ZDServer.cucumber.CucumberIT" time="0.068"/>
  <testcase name="Verify State - Province controller" classname="com.fedex.ZDServer.cucumber.CucumberIT" time="0.074"/>
  <testcase name="Verify State - Province controller" classname="com.fedex.ZDServer.cucumber.CucumberIT" time="0.068"/>
  <testcase name="Verify State - Province controller" classname="com.fedex.ZDServer.cucumber.CucumberIT" time="0.065"/>
  <testcase name="Verify State - Province controller" classname="com.fedex.ZDServer.cucumber.CucumberIT" time="0.065"/>
  <testcase name="Verify State - Province controller" classname="com.fedex.ZDServer.cucumber.CucumberIT" time="0.064"/>
  <testcase name="Verify State - Province controller" classname="com.fedex.ZDServer.cucumber.CucumberIT" time="0.062"/>
  <testcase name="Verify State - Province controller" classname="com.fedex.ZDServer.cucumber.CucumberIT" time="0.062"/>
  <testcase name="Verify State - Province controller" classname="com.fedex.ZDServer.cucumber.CucumberIT" time="0.076"/>
  <testcase name="Verify State - Province controller" classname="com.fedex.ZDServer.cucumber.CucumberIT" time="0.056"/>
  <testcase name="Verify State - Province controller" classname="com.fedex.ZDServer.cucumber.CucumberIT" time="0.073"/>
  <testcase name="Verify State - Province controller" classname="com.fedex.ZDServer.cucumber.CucumberIT" time="0.057"/>
  <testcase name="Verify State - Province controller" classname="com.fedex.ZDServer.cucumber.CucumberIT" time="0.083"/>
  <testcase name="Verify State - Province controller" classname="com.fedex.ZDServer.cucumber.CucumberIT" time="0.066"/>
  <testcase name="Verify State - Province controller" classname="com.fedex.ZDServer.cucumber.CucumberIT" time="0.09"/>
  <testcase name="Verify State - Province controller" classname="com.fedex.ZDServer.cucumber.CucumberIT" time="0.049"/>
  <testcase name="Verify State - Province controller" classname="com.fedex.ZDServer.cucumber.CucumberIT" time="0.121"/>
  <testcase name="Verify State - Province controller" classname="com.fedex.ZDServer.cucumber.CucumberIT" time="0.142"/>
  <testcase name="Verify State - Province controller" classname="com.fedex.ZDServer.cucumber.CucumberIT" time="0.124"/>
  <testcase name="Verify State - Province controller" classname="com.fedex.ZDServer.cucumber.CucumberIT" time="0.046"/>
  <testcase name="Verify State - Province controller" classname="com.fedex.ZDServer.cucumber.CucumberIT" time="0.09"/>
  <testcase name="Verify State - Province controller" classname="com.fedex.ZDServer.cucumber.CucumberIT" time="0.15"/>
  <testcase name="Verify State - Province controller" classname="com.fedex.ZDServer.cucumber.CucumberIT" time="0.093"/>
  <testcase name="Verify State - Province controller" classname="com.fedex.ZDServer.cucumber.CucumberIT" time="0.069"/>
  <testcase name="Verify State - Province controller" classname="com.fedex.ZDServer.cucumber.CucumberIT" time="0.09"/>
  <testcase name="Verify State - Province controller" classname="com.fedex.ZDServer.cucumber.CucumberIT" time="0.197"/>
  <testcase name="Verify State - Province controller" classname="com.fedex.ZDServer.cucumber.CucumberIT" time="0.128"/>
  <testcase name="Verify State - Province controller" classname="com.fedex.ZDServer.cucumber.CucumberIT" time="0.118"/>
  <testcase name="Verify User unable to get State for invalid URL" classname="com.fedex.ZDServer.cucumber.CucumberIT" time="0.06"/>
  <testcase name="Verify User unable to get State for invalid URL" classname="com.fedex.ZDServer.cucumber.CucumberIT" time="0.037"/>
  <testcase name="Grid API Test cases to Add data for USA" classname="com.fedex.ZDServer.cucumber.CucumberIT" time="0.138"/>
  <testcase name="Grid API Test cases to Add data for USA" classname="com.fedex.ZDServer.cucumber.CucumberIT" time="0.047"/>
  <testcase name="Grid API Test cases to Add data for USA" classname="com.fedex.ZDServer.cucumber.CucumberIT" time="0.042"/>
  <testcase name="Grid API Test cases to Add data for USA" classname="com.fedex.ZDServer.cucumber.CucumberIT" time="0.05"/>
  <testcase name="Grid API Test cases to Add data for USA" classname="com.fedex.ZDServer.cucumber.CucumberIT" time="0.044"/>
  <testcase name="Grid API Test cases to Add data for USA" classname="com.fedex.ZDServer.cucumber.CucumberIT" time="0.058"/>
  <testcase name="Grid API Test cases to Add data for USA" classname="com.fedex.ZDServer.cucumber.CucumberIT" time="0.05"/>
  <testcase name="Grid API Test cases to Add data for USA" classname="com.fedex.ZDServer.cucumber.CucumberIT" time="0.055"/>
  <testcase name="Grid API Test cases to Add data for USA" classname="com.fedex.ZDServer.cucumber.CucumberIT" time="0.05"/>
  <testcase name="Grid API Test cases to Add data for USA" classname="com.fedex.ZDServer.cucumber.CucumberIT" time="0.05"/>
  <testcase name="Grid API Test cases to Add data for Canada" classname="com.fedex.ZDServer.cucumber.CucumberIT" time="0.048"/>
  <testcase name="Grid API Test cases to Add data for Canada" classname="com.fedex.ZDServer.cucumber.CucumberIT" time="0.071"/>
  <testcase name="Grid API Test cases to Add data for Canada" classname="com.fedex.ZDServer.cucumber.CucumberIT" time="0.067"/>
  <testcase name="Grid API Test cases to Add data for Canada" classname="com.fedex.ZDServer.cucumber.CucumberIT" time="0.024"/>
  <testcase name="Grid API Test cases to Add data for Canada" classname="com.fedex.ZDServer.cucumber.CucumberIT" time="0.043"/>
  <testcase name="Grid API Test cases to Add data for Canada" classname="com.fedex.ZDServer.cucumber.CucumberIT" time="0.046"/>
  <testcase name="Grid API Test cases to Add data for Canada" classname="com.fedex.ZDServer.cucumber.CucumberIT" time="0.055"/>
  <testcase name="Grid API Test cases to Add data for Canada" classname="com.fedex.ZDServer.cucumber.CucumberIT" time="0.052"/>
  <testcase name="Grid API Test cases to Add data for Invalid link" classname="com.fedex.ZDServer.cucumber.CucumberIT" time="0.043"/>
  <testcase name="Grid API Test cases to Add data for Invalid Data" classname="com.fedex.ZDServer.cucumber.CucumberIT" time="0.037"/>
  <testcase name="Grid API Test cases to Add data for Invalid Data" classname="com.fedex.ZDServer.cucumber.CucumberIT" time="0.054"/>
  <testcase name="Grid API Test cases to Add data for Invalid Data" classname="com.fedex.ZDServer.cucumber.CucumberIT" time="0.039"/>
  <testcase name="Grid API Test cases to Add data for Invalid Date" classname="com.fedex.ZDServer.cucumber.CucumberIT" time="0.029"/>
  <testcase name="Grid API Test cases to Modify data" classname="com.fedex.ZDServer.cucumber.CucumberIT" time="0.047"/>
  <testcase name="Grid API Test cases to Modify data" classname="com.fedex.ZDServer.cucumber.CucumberIT" time="0.052"/>
  <testcase name="Grid API Test cases to Modify data" classname="com.fedex.ZDServer.cucumber.CucumberIT" time="0.046"/>
  <testcase name="Grid API Test cases to Modify data" classname="com.fedex.ZDServer.cucumber.CucumberIT" time="0.045"/>
  <testcase name="Grid API Test cases to Modify data" classname="com.fedex.ZDServer.cucumber.CucumberIT" time="0.054"/>
  <testcase name="Grid API Test cases to Modify data for Canada" classname="com.fedex.ZDServer.cucumber.CucumberIT" time="0.055"/>
  <testcase name="Grid API Test cases to Modify data for Canada" classname="com.fedex.ZDServer.cucumber.CucumberIT" time="0.047"/>
  <testcase name="Grid API Test cases to Modify data for Canada" classname="com.fedex.ZDServer.cucumber.CucumberIT" time="0.049"/>
  <testcase name="Grid API Test cases to Modify data for Invalid URL" classname="com.fedex.ZDServer.cucumber.CucumberIT" time="0.039"/>
  <testcase name="Grid API Test cases to Modify data for Invalid Data" classname="com.fedex.ZDServer.cucumber.CucumberIT" time="0.039"/>
  <testcase name="Grid API Test cases to Modify data for Invalid Data" classname="com.fedex.ZDServer.cucumber.CucumberIT" time="0.052"/>
  <testcase name="Grid API Test cases to Modify data for Invalid Data" classname="com.fedex.ZDServer.cucumber.CucumberIT" time="0.053"/>
  <testcase name="Grid API Test cases to Modify data for Invalid Data" classname="com.fedex.ZDServer.cucumber.CucumberIT" time="0.012"/>
</testsuite>